[    1711ms] [INFO] Banner not shown: beforeinstallpromptevent.preventDefault() called. The page must call beforeinstallpromptevent.prompt() to show the banner. @ https://www.instagram.com/rotu.lab/:0
[    2118ms] [LOG] 
%c¡Detente! font-family:helvetica; font-size:20px; font-size:50px; font-weight:bold; color:red; -webkit-text-stroke:1px black; @ https://static.cdninstagram.com/rsrc.php/v4iDmi4/yt/l/es_LA/p7EBZ5IclNJ.js:8
[    2119ms] [LOG] 
%cEsta función del navegador está pensada para desarrolladores. Si alguien te indicó que copiaras y pegaras algo aquí para habilitar una función de Instagram o para "hackear" la cuenta de alguien, se trata de una estafa. Si lo haces, esta persona podrá acceder a tu cuenta de Instagram. font-family:helvetica; font-size:20px;  @ https://static.cdninstagram.com/rsrc.php/v4iDmi4/yt/l/es_LA/p7EBZ5IclNJ.js:8
[    2119ms] [LOG] 
%cVisita https://www.facebook.com/selfxss para obtener más información. font-family:helvetica; font-size:20px;  @ https://static.cdninstagram.com/rsrc.php/v4iDmi4/yt/l/es_LA/p7EBZ5IclNJ.js:8
[    2119ms] [LOG] 
%c  @ https://static.cdninstagram.com/rsrc.php/v4iDmi4/yt/l/es_LA/p7EBZ5IclNJ.js:8
[   50843ms] [INFO] Banner not shown: beforeinstallpromptevent.preventDefault() called. The page must call beforeinstallpromptevent.prompt() to show the banner. @ https://www.instagram.com/rotu.lab/reel/DZHDAjNhbtk/:0
[   50875ms] [LOG] 
%c¡Detente! font-family:helvetica; font-size:20px; font-size:50px; font-weight:bold; color:red; -webkit-text-stroke:1px black; @ https://static.cdninstagram.com/rsrc.php/v4/yZ/r/QBbo_GHLV1U.js:246
[   50875ms] [LOG] 
%cEsta función del navegador está pensada para desarrolladores. Si alguien te indicó que copiaras y pegaras algo aquí para habilitar una función de Instagram o para "hackear" la cuenta de alguien, se trata de una estafa. Si lo haces, esta persona podrá acceder a tu cuenta de Instagram. font-family:helvetica; font-size:20px;  @ https://static.cdninstagram.com/rsrc.php/v4/yZ/r/QBbo_GHLV1U.js:246
[   50875ms] [LOG] 
%cVisita https://www.facebook.com/selfxss para obtener más información. font-family:helvetica; font-size:20px;  @ https://static.cdninstagram.com/rsrc.php/v4/yZ/r/QBbo_GHLV1U.js:246
[   50875ms] [LOG] 
%c  @ https://static.cdninstagram.com/rsrc.php/v4/yZ/r/QBbo_GHLV1U.js:246
[   51539ms] [LOG] 
%c¡Detente! font-family:helvetica; font-size:20px; font-size:50px; font-weight:bold; color:red; -webkit-text-stroke:1px black; @ https://static.cdninstagram.com/rsrc.php/v4iDmi4/yt/l/es_LA/p7EBZ5IclNJ.js:8
[   51539ms] [LOG] 
%cEsta función del navegador está pensada para desarrolladores. Si alguien te indicó que copiaras y pegaras algo aquí para habilitar una función de Instagram o para "hackear" la cuenta de alguien, se trata de una estafa. Si lo haces, esta persona podrá acceder a tu cuenta de Instagram. font-family:helvetica; font-size:20px;  @ https://static.cdninstagram.com/rsrc.php/v4iDmi4/yt/l/es_LA/p7EBZ5IclNJ.js:8
[   51539ms] [LOG] 
%cVisita https://www.facebook.com/selfxss para obtener más información. font-family:helvetica; font-size:20px;  @ https://static.cdninstagram.com/rsrc.php/v4iDmi4/yt/l/es_LA/p7EBZ5IclNJ.js:8
[   51539ms] [LOG] 
%c  @ https://static.cdninstagram.com/rsrc.php/v4iDmi4/yt/l/es_LA/p7EBZ5IclNJ.js:8
[   51622ms] [INFO] Banner not shown: beforeinstallpromptevent.preventDefault() called. The page must call beforeinstallpromptevent.prompt() to show the banner. @ https://www.instagram.com/rotu.lab/reel/DZGRTPBhnDk/:0
[   52106ms] [LOG] 
%c¡Detente! font-family:helvetica; font-size:20px; font-size:50px; font-weight:bold; color:red; -webkit-text-stroke:1px black; @ https://static.cdninstagram.com/rsrc.php/v4iDmi4/yt/l/es_LA/p7EBZ5IclNJ.js:8
[   52106ms] [LOG] 
%cEsta función del navegador está pensada para desarrolladores. Si alguien te indicó que copiaras y pegaras algo aquí para habilitar una función de Instagram o para "hackear" la cuenta de alguien, se trata de una estafa. Si lo haces, esta persona podrá acceder a tu cuenta de Instagram. font-family:helvetica; font-size:20px;  @ https://static.cdninstagram.com/rsrc.php/v4iDmi4/yt/l/es_LA/p7EBZ5IclNJ.js:8
[   52106ms] [LOG] 
%cVisita https://www.facebook.com/selfxss para obtener más información. font-family:helvetica; font-size:20px;  @ https://static.cdninstagram.com/rsrc.php/v4iDmi4/yt/l/es_LA/p7EBZ5IclNJ.js:8
[   52106ms] [LOG] 
%c  @ https://static.cdninstagram.com/rsrc.php/v4iDmi4/yt/l/es_LA/p7EBZ5IclNJ.js:8
[   52110ms] [INFO] Banner not shown: beforeinstallpromptevent.preventDefault() called. The page must call beforeinstallpromptevent.prompt() to show the banner. @ https://www.instagram.com/rotu.lab/reel/DZFsZBABRwZ/:0
[   52753ms] [LOG] 
%c¡Detente! font-family:helvetica; font-size:20px; font-size:50px; font-weight:bold; color:red; -webkit-text-stroke:1px black; @ https://static.cdninstagram.com/rsrc.php/v4iDmi4/yt/l/es_LA/p7EBZ5IclNJ.js:8
[   52753ms] [LOG] 
%cEsta función del navegador está pensada para desarrolladores. Si alguien te indicó que copiaras y pegaras algo aquí para habilitar una función de Instagram o para "hackear" la cuenta de alguien, se trata de una estafa. Si lo haces, esta persona podrá acceder a tu cuenta de Instagram. font-family:helvetica; font-size:20px;  @ https://static.cdninstagram.com/rsrc.php/v4iDmi4/yt/l/es_LA/p7EBZ5IclNJ.js:8
[   52753ms] [LOG] 
%cVisita https://www.facebook.com/selfxss para obtener más información. font-family:helvetica; font-size:20px;  @ https://static.cdninstagram.com/rsrc.php/v4iDmi4/yt/l/es_LA/p7EBZ5IclNJ.js:8
[   52753ms] [LOG] 
%c  @ https://static.cdninstagram.com/rsrc.php/v4iDmi4/yt/l/es_LA/p7EBZ5IclNJ.js:8
[   52878ms] [INFO] Banner not shown: beforeinstallpromptevent.preventDefault() called. The page must call beforeinstallpromptevent.prompt() to show the banner. @ https://www.instagram.com/rotu.lab/reel/DYEH43NhmaW/:0
[   53573ms] [LOG] 
%c¡Detente! font-family:helvetica; font-size:20px; font-size:50px; font-weight:bold; color:red; -webkit-text-stroke:1px black; @ https://static.cdninstagram.com/rsrc.php/v4iDmi4/yt/l/es_LA/p7EBZ5IclNJ.js:8
[   53573ms] [LOG] 
%cEsta función del navegador está pensada para desarrolladores. Si alguien te indicó que copiaras y pegaras algo aquí para habilitar una función de Instagram o para "hackear" la cuenta de alguien, se trata de una estafa. Si lo haces, esta persona podrá acceder a tu cuenta de Instagram. font-family:helvetica; font-size:20px;  @ https://static.cdninstagram.com/rsrc.php/v4iDmi4/yt/l/es_LA/p7EBZ5IclNJ.js:8
[   53573ms] [LOG] 
%cVisita https://www.facebook.com/selfxss para obtener más información. font-family:helvetica; font-size:20px;  @ https://static.cdninstagram.com/rsrc.php/v4iDmi4/yt/l/es_LA/p7EBZ5IclNJ.js:8
[   53573ms] [LOG] 
%c  @ https://static.cdninstagram.com/rsrc.php/v4iDmi4/yt/l/es_LA/p7EBZ5IclNJ.js:8
[   53740ms] [INFO] Banner not shown: beforeinstallpromptevent.preventDefault() called. The page must call beforeinstallpromptevent.prompt() to show the banner. @ https://www.instagram.com/rotu.lab/reel/DX0GZjcBc5E/:0
[   54322ms] [LOG] 
%c¡Detente! font-family:helvetica; font-size:20px; font-size:50px; font-weight:bold; color:red; -webkit-text-stroke:1px black; @ https://static.cdninstagram.com/rsrc.php/v4iDmi4/yt/l/es_LA/p7EBZ5IclNJ.js:8
[   54322ms] [LOG] 
%cEsta función del navegador está pensada para desarrolladores. Si alguien te indicó que copiaras y pegaras algo aquí para habilitar una función de Instagram o para "hackear" la cuenta de alguien, se trata de una estafa. Si lo haces, esta persona podrá acceder a tu cuenta de Instagram. font-family:helvetica; font-size:20px;  @ https://static.cdninstagram.com/rsrc.php/v4iDmi4/yt/l/es_LA/p7EBZ5IclNJ.js:8
[   54322ms] [LOG] 
%cVisita https://www.facebook.com/selfxss para obtener más información. font-family:helvetica; font-size:20px;  @ https://static.cdninstagram.com/rsrc.php/v4iDmi4/yt/l/es_LA/p7EBZ5IclNJ.js:8
[   54322ms] [LOG] 
%c  @ https://static.cdninstagram.com/rsrc.php/v4iDmi4/yt/l/es_LA/p7EBZ5IclNJ.js:8
[   54434ms] [INFO] Banner not shown: beforeinstallpromptevent.preventDefault() called. The page must call beforeinstallpromptevent.prompt() to show the banner. @ https://www.instagram.com/rotu.lab/reel/DUMuaBMDPV8/:0
[   55049ms] [LOG] 
%c¡Detente! font-family:helvetica; font-size:20px; font-size:50px; font-weight:bold; color:red; -webkit-text-stroke:1px black; @ https://static.cdninstagram.com/rsrc.php/v4iDmi4/yt/l/es_LA/p7EBZ5IclNJ.js:8
[   55049ms] [LOG] 
%cEsta función del navegador está pensada para desarrolladores. Si alguien te indicó que copiaras y pegaras algo aquí para habilitar una función de Instagram o para "hackear" la cuenta de alguien, se trata de una estafa. Si lo haces, esta persona podrá acceder a tu cuenta de Instagram. font-family:helvetica; font-size:20px;  @ https://static.cdninstagram.com/rsrc.php/v4iDmi4/yt/l/es_LA/p7EBZ5IclNJ.js:8
[   55049ms] [LOG] 
%cVisita https://www.facebook.com/selfxss para obtener más información. font-family:helvetica; font-size:20px;  @ https://static.cdninstagram.com/rsrc.php/v4iDmi4/yt/l/es_LA/p7EBZ5IclNJ.js:8
[   55049ms] [LOG] 
%c  @ https://static.cdninstagram.com/rsrc.php/v4iDmi4/yt/l/es_LA/p7EBZ5IclNJ.js:8
[   55171ms] [INFO] Banner not shown: beforeinstallpromptevent.preventDefault() called. The page must call beforeinstallpromptevent.prompt() to show the banner. @ https://www.instagram.com/rotu.lab/reel/DToOCrTkT9H/:0
[   55698ms] [LOG] 
%c¡Detente! font-family:helvetica; font-size:20px; font-size:50px; font-weight:bold; color:red; -webkit-text-stroke:1px black; @ https://static.cdninstagram.com/rsrc.php/v4iDmi4/yt/l/es_LA/p7EBZ5IclNJ.js:8
[   55698ms] [LOG] 
%cEsta función del navegador está pensada para desarrolladores. Si alguien te indicó que copiaras y pegaras algo aquí para habilitar una función de Instagram o para "hackear" la cuenta de alguien, se trata de una estafa. Si lo haces, esta persona podrá acceder a tu cuenta de Instagram. font-family:helvetica; font-size:20px;  @ https://static.cdninstagram.com/rsrc.php/v4iDmi4/yt/l/es_LA/p7EBZ5IclNJ.js:8
[   55698ms] [LOG] 
%cVisita https://www.facebook.com/selfxss para obtener más información. font-family:helvetica; font-size:20px;  @ https://static.cdninstagram.com/rsrc.php/v4iDmi4/yt/l/es_LA/p7EBZ5IclNJ.js:8
[   55698ms] [LOG] 
%c  @ https://static.cdninstagram.com/rsrc.php/v4iDmi4/yt/l/es_LA/p7EBZ5IclNJ.js:8
[   55706ms] [INFO] Banner not shown: beforeinstallpromptevent.preventDefault() called. The page must call beforeinstallpromptevent.prompt() to show the banner. @ https://www.instagram.com/rotu.lab/reel/DToKR5cEW3E/:0
[   56277ms] [INFO] Banner not shown: beforeinstallpromptevent.preventDefault() called. The page must call beforeinstallpromptevent.prompt() to show the banner. @ https://www.instagram.com/rotu.lab/reel/DTPR0RSDuZd/:0
[   56282ms] [LOG] 
%c¡Detente! font-family:helvetica; font-size:20px; font-size:50px; font-weight:bold; color:red; -webkit-text-stroke:1px black; @ https://static.cdninstagram.com/rsrc.php/v4iDmi4/yt/l/es_LA/p7EBZ5IclNJ.js:8
[   56282ms] [LOG] 
%cEsta función del navegador está pensada para desarrolladores. Si alguien te indicó que copiaras y pegaras algo aquí para habilitar una función de Instagram o para "hackear" la cuenta de alguien, se trata de una estafa. Si lo haces, esta persona podrá acceder a tu cuenta de Instagram. font-family:helvetica; font-size:20px;  @ https://static.cdninstagram.com/rsrc.php/v4iDmi4/yt/l/es_LA/p7EBZ5IclNJ.js:8
[   56282ms] [LOG] 
%cVisita https://www.facebook.com/selfxss para obtener más información. font-family:helvetica; font-size:20px;  @ https://static.cdninstagram.com/rsrc.php/v4iDmi4/yt/l/es_LA/p7EBZ5IclNJ.js:8
[   56282ms] [LOG] 
%c  @ https://static.cdninstagram.com/rsrc.php/v4iDmi4/yt/l/es_LA/p7EBZ5IclNJ.js:8
[   62345ms] [LOG] 
%c¡Detente! font-family:helvetica; font-size:20px; font-size:50px; font-weight:bold; color:red; -webkit-text-stroke:1px black; @ https://static.cdninstagram.com/rsrc.php/v4iDmi4/yt/l/es_LA/p7EBZ5IclNJ.js:8
[   62345ms] [LOG] 
%cEsta función del navegador está pensada para desarrolladores. Si alguien te indicó que copiaras y pegaras algo aquí para habilitar una función de Instagram o para "hackear" la cuenta de alguien, se trata de una estafa. Si lo haces, esta persona podrá acceder a tu cuenta de Instagram. font-family:helvetica; font-size:20px;  @ https://static.cdninstagram.com/rsrc.php/v4iDmi4/yt/l/es_LA/p7EBZ5IclNJ.js:8
[   62345ms] [LOG] 
%cVisita https://www.facebook.com/selfxss para obtener más información. font-family:helvetica; font-size:20px;  @ https://static.cdninstagram.com/rsrc.php/v4iDmi4/yt/l/es_LA/p7EBZ5IclNJ.js:8
[   62345ms] [LOG] 
%c  @ https://static.cdninstagram.com/rsrc.php/v4iDmi4/yt/l/es_LA/p7EBZ5IclNJ.js:8
[   62382ms] [INFO] Banner not shown: beforeinstallpromptevent.preventDefault() called. The page must call beforeinstallpromptevent.prompt() to show the banner. @ https://www.instagram.com/rotu.lab/reel/DYEH43NhmaW/:0
[   65019ms] [LOG] 
%c¡Detente! font-family:helvetica; font-size:20px; font-size:50px; font-weight:bold; color:red; -webkit-text-stroke:1px black; @ https://static.cdninstagram.com/rsrc.php/v4iDmi4/yt/l/es_LA/p7EBZ5IclNJ.js:8
[   65019ms] [LOG] 
%cEsta función del navegador está pensada para desarrolladores. Si alguien te indicó que copiaras y pegaras algo aquí para habilitar una función de Instagram o para "hackear" la cuenta de alguien, se trata de una estafa. Si lo haces, esta persona podrá acceder a tu cuenta de Instagram. font-family:helvetica; font-size:20px;  @ https://static.cdninstagram.com/rsrc.php/v4iDmi4/yt/l/es_LA/p7EBZ5IclNJ.js:8
[   65019ms] [LOG] 
%cVisita https://www.facebook.com/selfxss para obtener más información. font-family:helvetica; font-size:20px;  @ https://static.cdninstagram.com/rsrc.php/v4iDmi4/yt/l/es_LA/p7EBZ5IclNJ.js:8
[   65019ms] [LOG] 
%c  @ https://static.cdninstagram.com/rsrc.php/v4iDmi4/yt/l/es_LA/p7EBZ5IclNJ.js:8
[   65060ms] [INFO] Banner not shown: beforeinstallpromptevent.preventDefault() called. The page must call beforeinstallpromptevent.prompt() to show the banner. @ https://www.instagram.com/rotu.lab/reel/DX0GZjcBc5E/:0
